TN:
SF:src\Aplicacao.js
FN:9,Aplicacao
FN:28,getUsuarioCorrente
FN:37,login
FNF:3
FNH:0
FNDA:0,Aplicacao
FNDA:0,getUsuarioCorrente
FNDA:0,login
DA:1,1
DA:2,1
DA:3,1
DA:4,1
DA:5,1
DA:6,1
DA:7,1
DA:8,1
DA:9,1
DA:10,0
DA:11,0
DA:12,0
DA:13,0
DA:14,0
DA:15,0
DA:16,0
DA:17,0
DA:18,0
DA:19,0
DA:20,0
DA:21,0
DA:22,0
DA:23,0
DA:24,0
DA:25,0
DA:26,0
DA:27,1
DA:28,1
DA:29,0
DA:30,0
DA:31,1
DA:32,1
DA:33,1
DA:34,1
DA:35,1
DA:36,1
DA:37,1
DA:38,0
DA:39,0
DA:40,0
DA:41,0
DA:42,0
DA:43,0
DA:44,0
DA:45,0
DA:46,0
DA:47,0
DA:48,0
DA:49,0
DA:50,0
DA:51,0
DA:52,1
DA:53,1
LF:53
LH:20
BRF:0
BRH:0
end_of_record
TN:
SF:src\Autenticacao\ListaDeUsuarios.js
FN:8,ListaDeUsuarios
FN:23,pesquisar
FNF:2
FNH:0
FNDA:0,ListaDeUsuarios
FNDA:0,pesquisar
DA:1,1
DA:2,1
DA:3,1
DA:4,1
DA:5,1
DA:6,1
DA:7,1
DA:8,1
DA:9,0
DA:10,0
DA:11,0
DA:12,0
DA:13,0
DA:14,0
DA:15,0
DA:16,0
DA:17,0
DA:18,1
DA:19,1
DA:20,1
DA:21,1
DA:22,1
DA:23,1
DA:24,0
DA:25,0
DA:26,0
DA:27,0
DA:28,0
DA:29,0
DA:30,0
DA:31,1
LF:31
LH:15
BRF:0
BRH:0
end_of_record
TN:
SF:src\Autenticacao\Usuario.js
FN:7,Usuario
FNF:1
FNH:0
FNDA:0,Usuario
DA:1,1
DA:2,1
DA:3,1
DA:4,1
DA:5,1
DA:6,1
DA:7,1
DA:8,0
DA:9,0
DA:10,0
DA:11,1
DA:12,1
LF:12
LH:9
BRF:0
BRH:0
end_of_record
TN:
SF:src\Financeiro\Movimentacao.js
FN:8,Movimentacao
FNF:1
FNH:1
FNDA:4,Movimentacao
DA:1,1
DA:2,1
DA:3,1
DA:4,1
DA:5,1
DA:6,1
DA:7,1
DA:8,1
DA:9,4
DA:10,1
DA:11,1
DA:12,3
DA:13,4
DA:14,1
DA:15,1
DA:16,2
DA:17,4
DA:18,1
DA:19,1
DA:20,1
DA:21,1
DA:22,1
DA:23,1
DA:24,1
DA:25,1
LF:25
LH:25
BRDA:8,0,0,4
BRDA:9,1,0,1
BRDA:11,2,0,3
BRDA:13,3,0,1
BRDA:15,4,0,2
BRDA:17,5,0,1
BRF:6
BRH:6
end_of_record
