TN:
SF:src\Aplicacao.js
FN:3,Aplicacao
FN:15,login
FNF:2
FNH:2
FNDA:4,Aplicacao
FNDA:3,login
DA:1,1
DA:2,1
DA:3,1
DA:4,4
DA:5,1
DA:6,1
DA:7,3
DA:8,3
DA:9,1
DA:10,1
DA:11,1
DA:12,1
DA:13,1
DA:14,1
DA:15,1
DA:16,3
DA:17,3
DA:18,1
DA:19,1
DA:20,1
DA:21,2
DA:22,3
DA:23,1
DA:24,1
DA:25,1
DA:26,1
DA:27,1
DA:28,1
DA:29,1
DA:30,1
LF:30
LH:30
BRDA:3,0,0,4
BRDA:4,1,0,1
BRDA:6,2,0,3
BRDA:15,3,0,3
BRDA:17,4,0,1
BRDA:20,5,0,2
BRDA:22,6,0,1
BRF:7
BRH:7
end_of_record
TN:
SF:src\Autenticacao\ListaDeUsuarios.js
FN:8,ListaDeUsuarios
FN:23,pesquisar
FNF:2
FNH:2
FNDA:3,ListaDeUsuarios
FNDA:1,pesquisar
DA:1,1
DA:2,1
DA:3,1
DA:4,1
DA:5,1
DA:6,1
DA:7,1
DA:8,1
DA:9,3
DA:10,0
DA:11,0
DA:12,0
DA:13,0
DA:14,0
DA:15,0
DA:16,0
DA:17,3
DA:18,1
DA:19,1
DA:20,1
DA:21,1
DA:22,1
DA:23,1
DA:24,1
DA:25,0
DA:26,0
DA:27,0
DA:28,0
DA:29,1
DA:30,1
DA:31,1
LF:31
LH:20
BRDA:8,0,0,3
BRDA:9,1,0,0
BRDA:23,2,0,1
BRDA:24,3,0,0
BRF:4
BRH:2
end_of_record
TN:
SF:src\Autenticacao\Usuario.js
FN:7,Usuario
FNF:1
FNH:1
FNDA:2,Usuario
DA:1,1
DA:2,1
DA:3,1
DA:4,1
DA:5,1
DA:6,1
DA:7,1
DA:8,2
DA:9,2
DA:10,2
DA:11,1
DA:12,1
LF:12
LH:12
BRDA:7,0,0,2
BRF:1
BRH:1
end_of_record
